<?xml version="1.0" encoding="UTF-8"?>
<!-- Generated by org.testng.reporters.JUnitXMLReporter -->
<testsuite ignored="1" hostname="MrAdarsh" failures="0" tests="15" name="Test" time="24.19" errors="0" timestamp="2025-05-30T12:11:15 IST">
  <testcase classname="TestClasses.Login_TestClass" name="enterInValidCredentials" time="5.014"/>
  <testcase classname="TestClasses.Login_TestClass" name="enterValidCredentials" time="1.509"/>
  <testcase classname="TestClasses.PocketMaster_TestClass" name="ClickOnThePocketTab" time="2.365"/>
  <testcase classname="TestClasses.PocketMaster_TestClass" name="ClickOnPocketTab" time="0.269"/>
  <testcase classname="TestClasses.PocketMaster_TestClass" name="ClickOnCreateNewPocketButton" time="0.824"/>
  <testcase classname="TestClasses.PocketMaster_TestClass" name="SelectStartDate" time="6.112"/>
  <testcase classname="TestClasses.PocketMaster_TestClass" name="SelectEndDate" time="3.736"/>
  <testcase classname="TestClasses.PocketMaster_TestClass" name="ClickOnTheNextButton" time="0.135"/>
  <testcase classname="TestClasses.PocketMaster_TestClass" name="EnterPocketName" time="0.153"/>
  <testcase classname="TestClasses.PocketMaster_TestClass" name="selectCompanyName" time="0.461"/>
  <testcase classname="TestClasses.PocketMaster_TestClass" name="selectAreaTypeandEnterAreaValue" time="0.126"/>
  <testcase classname="TestClasses.PocketMaster_TestClass" name="Invoice_cut_off_date" time="2.658"/>
  <testcase classname="TestClasses.PocketMaster_TestClass" name="Enter_Location" time="0.373"/>
  <testcase classname="TestClasses.PocketMaster_TestClass" name="Enter_Address" time="0.134"/>
  <testcase classname="TestClasses.PocketMaster_TestClass" name="ClickOnNextButton" time="0.114"/>
  <testcase classname="TestClasses.BaseTest" name="@BeforeSuite Browser" time="0.0">
    <ignored/>
  </testcase> <!-- @BeforeSuite Browser -->
</testsuite> <!-- Test -->
