<?xml version="1.0" encoding="UTF-8"?>
<!-- Generated by org.testng.reporters.JUnitXMLReporter -->
<testsuite ignored="1" hostname="MrAdarsh" failures="2" tests="40" name="Test" time="39.245" errors="0" timestamp="2025-06-11T16:48:41 IST">
  <testcase classname="TestClasses.Login_TestClass" name="enterInValidCredentials" time="1.408"/>
  <testcase classname="TestClasses.Login_TestClass" name="enterValidCredentials" time="1.531"/>
  <testcase classname="TestClasses.PocketMaster_TestClass" name="ClickOnThePocketTab" time="2.28"/>
  <testcase classname="TestClasses.PocketMaster_TestClass" name="ClickOnPocketTab" time="0.151"/>
  <testcase classname="TestClasses.PocketMaster_TestClass" name="ClickOnCreateNewPocketButton" time="1.572"/>
  <testcase classname="TestClasses.PocketMaster_TestClass" name="SelectStartDate" time="3.163">
    <failure type="org.openqa.selenium.StaleElementReferenceException" message="stale element reference: stale element not found in the current frame
  (Session info: chrome=137.0.7151.103)
For documentation on this error, please visit: https://selenium.dev/exceptions/#stale_element_reference
Build info: version: &amp;apos;4.6.0&amp;apos;, revision: &amp;apos;79f1c02ae20&amp;apos;
System info: os.name: &amp;apos;Windows 10&amp;apos;, os.arch: &amp;apos;amd64&amp;apos;, os.version: &amp;apos;10.0&amp;apos;, java.version: &amp;apos;23&amp;apos;
Driver info: org.openqa.selenium.chrome.ChromeDriver
Command: [3e2887894117f74bfd83fbc3d4957585, clickElement {id=f.7357C2C05263B0EA93FE930415D01330.d.2C788ECBFE63180E3ECA285E711D1E4D.e.1326}]
Capabilities {acceptInsecureCerts: false, browserName: chrome, browserVersion: 137.0.7151.103, chrome: {chromedriverVersion: 137.0.7151.70 (dfa4dc56b2ab..., userDataDir: C:\Users\admin\AppData\Loca...}, fedcm:accounts: true, goog:chromeOptions: {debuggerAddress: localhost:64018}, networkConnectionEnabled: false, pageLoadStrategy: normal, platformName: WINDOWS, proxy: Proxy(), se:cdp: ws://localhost:64018/devtoo..., se:cdpVersion: 137.0.7151.103, setWindowRect: true, strictFileInteractability: false, timeouts: {implicit: 0, pageLoad: 300000, script: 30000}, unhandledPromptBehavior: dismiss and notify, webauthn:extension:credBlob: true, webauthn:extension:largeBlob: true, webauthn:extension:minPinLength: true, webauthn:extension:prf: true, webauthn:virtualAuthenticators: true}
Element: [[ChromeDriver: chrome on WINDOWS (3e2887894117f74bfd83fbc3d4957585)] -&amp;gt; xpath: //button[@aria-label=&amp;apos;Previous Month&amp;apos;]]
Session ID: 3e2887894117f74bfd83fbc3d4957585">
      <![CDATA[org.openqa.selenium.StaleElementReferenceException: stale element reference: stale element not found in the current frame
  (Session info: chrome=137.0.7151.103)
For documentation on this error, please visit: https://selenium.dev/exceptions/#stale_element_reference
Build info: version: '4.6.0', revision: '79f1c02ae20'
System info: os.name: 'Windows 10', os.arch: 'amd64', os.version: '10.0', java.version: '23'
Driver info: org.openqa.selenium.chrome.ChromeDriver
Command: [3e2887894117f74bfd83fbc3d4957585, clickElement {id=f.7357C2C05263B0EA93FE930415D01330.d.2C788ECBFE63180E3ECA285E711D1E4D.e.1326}]
Capabilities {acceptInsecureCerts: false, browserName: chrome, browserVersion: 137.0.7151.103, chrome: {chromedriverVersion: 137.0.7151.70 (dfa4dc56b2ab..., userDataDir: C:\Users\admin\AppData\Loca...}, fedcm:accounts: true, goog:chromeOptions: {debuggerAddress: localhost:64018}, networkConnectionEnabled: false, pageLoadStrategy: normal, platformName: WINDOWS, proxy: Proxy(), se:cdp: ws://localhost:64018/devtoo..., se:cdpVersion: 137.0.7151.103, setWindowRect: true, strictFileInteractability: false, timeouts: {implicit: 0, pageLoad: 300000, script: 30000}, unhandledPromptBehavior: dismiss and notify, webauthn:extension:credBlob: true, webauthn:extension:largeBlob: true, webauthn:extension:minPinLength: true, webauthn:extension:prf: true, webauthn:virtualAuthenticators: true}
Element: [[ChromeDriver: chrome on WINDOWS (3e2887894117f74bfd83fbc3d4957585)] -> xpath: //button[@aria-label='Previous Month']]
Session ID: 3e2887894117f74bfd83fbc3d4957585
at org.openqa.selenium.remote.codec.w3c.W3CHttpResponseCodec.createException(W3CHttpResponseCodec.java:200)
at org.openqa.selenium.remote.codec.w3c.W3CHttpResponseCodec.decode(W3CHttpResponseCodec.java:133)
at org.openqa.selenium.remote.codec.w3c.W3CHttpResponseCodec.decode(W3CHttpResponseCodec.java:53)
at org.openqa.selenium.remote.HttpCommandExecutor.execute(HttpCommandExecutor.java:184)
at org.openqa.selenium.remote.service.DriverCommandExecutor.invokeExecute(DriverCommandExecutor.java:167)
at org.openqa.selenium.remote.service.DriverCommandExecutor.execute(DriverCommandExecutor.java:142)
at org.openqa.selenium.remote.RemoteWebDriver.execute(RemoteWebDriver.java:541)
at org.openqa.selenium.remote.RemoteWebElement.execute(RemoteWebElement.java:257)
at org.openqa.selenium.remote.RemoteWebElement.click(RemoteWebElement.java:78)
at PageObjects.PocketMaster_Class.SelectDate(PocketMaster_Class.java:279)
at PageObjects.PocketMaster_Class.selectStartDate(PocketMaster_Class.java:292)
at TestClasses.PocketMaster_TestClass.SelectStartDate(PocketMaster_TestClass.java:29)
at java.base/java.util.ArrayList.forEach(ArrayList.java:1597)
... Removed 28 stack frames]]>
    </failure>
  </testcase> <!-- SelectStartDate -->
  <testcase classname="TestClasses.PocketMaster_TestClass" name="SelectEndDate" time="4.624">
    <failure type="org.openqa.selenium.StaleElementReferenceException" message="stale element reference: stale element not found in the current frame
  (Session info: chrome=137.0.7151.103)
For documentation on this error, please visit: https://selenium.dev/exceptions/#stale_element_reference
Build info: version: &amp;apos;4.6.0&amp;apos;, revision: &amp;apos;79f1c02ae20&amp;apos;
System info: os.name: &amp;apos;Windows 10&amp;apos;, os.arch: &amp;apos;amd64&amp;apos;, os.version: &amp;apos;10.0&amp;apos;, java.version: &amp;apos;23&amp;apos;
Driver info: org.openqa.selenium.chrome.ChromeDriver
Command: [3e2887894117f74bfd83fbc3d4957585, clickElement {id=f.7357C2C05263B0EA93FE930415D01330.d.2C788ECBFE63180E3ECA285E711D1E4D.e.5710}]
Capabilities {acceptInsecureCerts: false, browserName: chrome, browserVersion: 137.0.7151.103, chrome: {chromedriverVersion: 137.0.7151.70 (dfa4dc56b2ab..., userDataDir: C:\Users\admin\AppData\Loca...}, fedcm:accounts: true, goog:chromeOptions: {debuggerAddress: localhost:64018}, networkConnectionEnabled: false, pageLoadStrategy: normal, platformName: WINDOWS, proxy: Proxy(), se:cdp: ws://localhost:64018/devtoo..., se:cdpVersion: 137.0.7151.103, setWindowRect: true, strictFileInteractability: false, timeouts: {implicit: 0, pageLoad: 300000, script: 30000}, unhandledPromptBehavior: dismiss and notify, webauthn:extension:credBlob: true, webauthn:extension:largeBlob: true, webauthn:extension:minPinLength: true, webauthn:extension:prf: true, webauthn:virtualAuthenticators: true}
Element: [[ChromeDriver: chrome on WINDOWS (3e2887894117f74bfd83fbc3d4957585)] -&amp;gt; xpath: //div[@aria-label=&amp;apos;Choose Date&amp;apos;]//table//tbody//tr//td[not(contains(@class,&amp;apos;p-disabled&amp;apos;))]//span[text()=&amp;apos;20&amp;apos;]]
Session ID: 3e2887894117f74bfd83fbc3d4957585">
      <![CDATA[org.openqa.selenium.StaleElementReferenceException: stale element reference: stale element not found in the current frame
  (Session info: chrome=137.0.7151.103)
For documentation on this error, please visit: https://selenium.dev/exceptions/#stale_element_reference
Build info: version: '4.6.0', revision: '79f1c02ae20'
System info: os.name: 'Windows 10', os.arch: 'amd64', os.version: '10.0', java.version: '23'
Driver info: org.openqa.selenium.chrome.ChromeDriver
Command: [3e2887894117f74bfd83fbc3d4957585, clickElement {id=f.7357C2C05263B0EA93FE930415D01330.d.2C788ECBFE63180E3ECA285E711D1E4D.e.5710}]
Capabilities {acceptInsecureCerts: false, browserName: chrome, browserVersion: 137.0.7151.103, chrome: {chromedriverVersion: 137.0.7151.70 (dfa4dc56b2ab..., userDataDir: C:\Users\admin\AppData\Loca...}, fedcm:accounts: true, goog:chromeOptions: {debuggerAddress: localhost:64018}, networkConnectionEnabled: false, pageLoadStrategy: normal, platformName: WINDOWS, proxy: Proxy(), se:cdp: ws://localhost:64018/devtoo..., se:cdpVersion: 137.0.7151.103, setWindowRect: true, strictFileInteractability: false, timeouts: {implicit: 0, pageLoad: 300000, script: 30000}, unhandledPromptBehavior: dismiss and notify, webauthn:extension:credBlob: true, webauthn:extension:largeBlob: true, webauthn:extension:minPinLength: true, webauthn:extension:prf: true, webauthn:virtualAuthenticators: true}
Element: [[ChromeDriver: chrome on WINDOWS (3e2887894117f74bfd83fbc3d4957585)] -> xpath: //div[@aria-label='Choose Date']//table//tbody//tr//td[not(contains(@class,'p-disabled'))]//span[text()='20']]
Session ID: 3e2887894117f74bfd83fbc3d4957585
at org.openqa.selenium.remote.codec.w3c.W3CHttpResponseCodec.createException(W3CHttpResponseCodec.java:200)
at org.openqa.selenium.remote.codec.w3c.W3CHttpResponseCodec.decode(W3CHttpResponseCodec.java:133)
at org.openqa.selenium.remote.codec.w3c.W3CHttpResponseCodec.decode(W3CHttpResponseCodec.java:53)
at org.openqa.selenium.remote.HttpCommandExecutor.execute(HttpCommandExecutor.java:184)
at org.openqa.selenium.remote.service.DriverCommandExecutor.invokeExecute(DriverCommandExecutor.java:167)
at org.openqa.selenium.remote.service.DriverCommandExecutor.execute(DriverCommandExecutor.java:142)
at org.openqa.selenium.remote.RemoteWebDriver.execute(RemoteWebDriver.java:541)
at org.openqa.selenium.remote.RemoteWebElement.execute(RemoteWebElement.java:257)
at org.openqa.selenium.remote.RemoteWebElement.click(RemoteWebElement.java:78)
at PageObjects.PocketMaster_Class.SelectDate(PocketMaster_Class.java:288)
at PageObjects.PocketMaster_Class.SelectEndDAte(PocketMaster_Class.java:302)
at TestClasses.PocketMaster_TestClass.SelectEndDate(PocketMaster_TestClass.java:35)
at java.base/java.util.ArrayList.forEach(ArrayList.java:1597)
... Removed 28 stack frames]]>
    </failure>
  </testcase> <!-- SelectEndDate -->
  <testcase classname="TestClasses.PocketMaster_TestClass" name="ClickOnTheNextButton" time="0.177"/>
  <testcase classname="TestClasses.PocketMaster_TestClass" name="EnterPocketName" time="0.118"/>
  <testcase classname="TestClasses.PocketMaster_TestClass" name="selectCompanyName" time="0.525"/>
  <testcase classname="TestClasses.PocketMaster_TestClass" name="selectAreaTypeandEnterAreaValue" time="0.145"/>
  <testcase classname="TestClasses.PocketMaster_TestClass" name="Invoice_cut_off_date" time="2.494"/>
  <testcase classname="TestClasses.PocketMaster_TestClass" name="Enter_Location" time="0.348"/>
  <testcase classname="TestClasses.PocketMaster_TestClass" name="Enter_Address" time="0.139"/>
  <testcase classname="TestClasses.PocketMaster_TestClass" name="ClickOnNextButton" time="0.101"/>
  <testcase classname="TestClasses.PocketMaster_TestClass" name="enterNoofTemples" time="0.154"/>
  <testcase classname="TestClasses.PocketMaster_TestClass" name="enterNoofChurches" time="0.128"/>
  <testcase classname="TestClasses.PocketMaster_TestClass" name="enterNoofHospitals" time="0.121"/>
  <testcase classname="TestClasses.PocketMaster_TestClass" name="enterNoofToilets" time="0.118"/>
  <testcase classname="TestClasses.PocketMaster_TestClass" name="enterFireBrigade" time="0.107"/>
  <testcase classname="TestClasses.PocketMaster_TestClass" name="enterWaterSupply" time="0.119"/>
  <testcase classname="TestClasses.PocketMaster_TestClass" name="enterNoofmosques" time="0.128"/>
  <testcase classname="TestClasses.PocketMaster_TestClass" name="enterNoofParks" time="0.118"/>
  <testcase classname="TestClasses.PocketMaster_TestClass" name="enterNoofSchool" time="0.129"/>
  <testcase classname="TestClasses.PocketMaster_TestClass" name="enterNoofbank" time="0.12"/>
  <testcase classname="TestClasses.PocketMaster_TestClass" name="enterRailwaystation" time="0.129"/>
  <testcase classname="TestClasses.PocketMaster_TestClass" name="enterPolicestation" time="0.137"/>
  <testcase classname="TestClasses.PocketMaster_TestClass" name="enterNoofcollege" time="0.137"/>
  <testcase classname="TestClasses.PocketMaster_TestClass" name="enterBusDepot" time="0.138"/>
  <testcase classname="TestClasses.PocketMaster_TestClass" name="enterNoofmarket" time="0.14"/>
  <testcase classname="TestClasses.PocketMaster_TestClass" name="enterElectricitySupply" time="0.134"/>
  <testcase classname="TestClasses.PocketMaster_TestClass" name="ClickOnNextButton2" time="0.123"/>
  <testcase classname="TestClasses.PocketMaster_TestClass" name="selectUsageType" time="0.373"/>
  <testcase classname="TestClasses.PocketMaster_TestClass" name="selectProcessType" time="0.381"/>
  <testcase classname="TestClasses.PocketMaster_TestClass" name="enterFromAmountRange" time="0.129"/>
  <testcase classname="TestClasses.PocketMaster_TestClass" name="enterToAmountRange" time="0.123"/>
  <testcase classname="TestClasses.PocketMaster_TestClass" name="selectRange1StartDate" time="2.423"/>
  <testcase classname="TestClasses.PocketMaster_TestClass" name="selectRange1EndDate" time="14.028"/>
  <testcase classname="TestClasses.PocketMaster_TestClass" name="ClickOnNextButton3" time="0.103"/>
  <testcase classname="TestClasses.PocketMaster_TestClass" name="clickOnTheSaveButton" time="0.284"/>
  <testcase classname="TestClasses.BaseTest" name="@BeforeSuite Browser" time="0.0">
    <ignored/>
  </testcase> <!-- @BeforeSuite Browser -->
</testsuite> <!-- Test -->
